<?xml version="1.0" encoding="UTF-8" ?>
<testsuite tests="28" failures="0" name="com.examples.test.training.runner.TestRunner" time="139.807" errors="0" skipped="0">
  <properties>
    <property name="java.runtime.name" value="Java(TM) SE Runtime Environment"/>
    <property name="sun.boot.library.path" value="C:\Program Files\Java\jdk1.8.0_211\jre\bin"/>
    <property name="java.vm.version" value="25.211-b12"/>
    <property name="user.country.format" value="BG"/>
    <property name="java.vm.vendor" value="Oracle Corporation"/>
    <property name="maven.multiModuleProjectDirectory" value="C:\Users\estafet_2\workspace\training"/>
    <property name="java.vendor.url" value="http://java.oracle.com/"/>
    <property name="path.separator" value=";"/>
    <property name="guice.disable.misplaced.annotation.check" value="true"/>
    <property name="java.vm.name" value="Java HotSpot(TM) 64-Bit Server VM"/>
    <property name="file.encoding.pkg" value="sun.io"/>
    <property name="user.script" value=""/>
    <property name="user.country" value="GB"/>
    <property name="sun.java.launcher" value="SUN_STANDARD"/>
    <property name="sun.os.patch.level" value=""/>
    <property name="java.vm.specification.name" value="Java Virtual Machine Specification"/>
    <property name="user.dir" value="C:\Users\estafet_2\workspace\training"/>
    <property name="java.runtime.version" value="1.8.0_211-b12"/>
    <property name="java.awt.graphicsenv" value="sun.awt.Win32GraphicsEnvironment"/>
    <property name="java.endorsed.dirs" value="C:\Program Files\Java\jdk1.8.0_211\jre\lib\endorsed"/>
    <property name="os.arch" value="amd64"/>
    <property name="java.io.tmpdir" value="C:\Users\ESTAFE~1\AppData\Local\Temp\"/>
    <property name="line.separator" value="
"/>
    <property name="java.vm.specification.vendor" value="Oracle Corporation"/>
    <property name="user.variant" value=""/>
    <property name="os.name" value="Windows 8.1"/>
    <property name="maven.ext.class.path" value="C:\Program Files\JetBrains\IntelliJ IDEA Community Edition 2019.2\plugins\maven\lib\maven-event-listener.jar"/>
    <property name="classworlds.conf" value="C:\Program Files\JetBrains\IntelliJ IDEA Community Edition 2019.2\plugins\maven\lib\maven3\bin\m2.conf"/>
    <property name="sun.jnu.encoding" value="Cp1251"/>
    <property name="java.library.path" value="C:\Program Files\Java\jdk1.8.0_211\bin;C:\Windows\Sun\Java\bin;C:\Windows\system32;C:\Windows;C:\Program Files\JetBrains\IntelliJ IDEA Community Edition 2019.2\jbr\\bin;C:\Program Files\JetBrains\IntelliJ IDEA Community Edition 2019.2\jbr\\bin\server;C:\Program Files (x86)\Common Files\Oracle\Java\javapath;C:\ProgramData\Oracle\Java\javapath;C:\Windows\system32;C:\Windows;C:\Windows\System32\Wbem;C:\Windows\System32\WindowsPowerShell\v1.0\;C:\Program Files (x86)\Skype\Phone\;C:\Program Files\Git\cmd;C:\Users\estafet_2\apache-maven-3.6.1\apache-maven-3.6.1\bin;C:\Users\estafet_2\workspace\geckodriver;C:\Users\estafet_2\workspace\chromedriver_win32;C:\Program Files\PostgreSQL\11\bin;."/>
    <property name="maven.conf" value="C:\Program Files\JetBrains\IntelliJ IDEA Community Edition 2019.2\plugins\maven\lib\maven3/conf"/>
    <property name="java.specification.name" value="Java Platform API Specification"/>
    <property name="java.class.version" value="52.0"/>
    <property name="sun.management.compiler" value="HotSpot 64-Bit Tiered Compilers"/>
    <property name="os.version" value="6.3"/>
    <property name="user.home" value="C:\Users\estafet_2"/>
    <property name="user.timezone" value="Europe/Helsinki"/>
    <property name="java.awt.printerjob" value="sun.awt.windows.WPrinterJob"/>
    <property name="java.specification.version" value="1.8"/>
    <property name="file.encoding" value="UTF-8"/>
    <property name="user.name" value="estafet_2"/>
    <property name="java.class.path" value="C:\Program Files\JetBrains\IntelliJ IDEA Community Edition 2019.2\plugins\maven\lib\maven3\boot\plexus-classworlds-2.6.0.jar;C:\Program Files\JetBrains\IntelliJ IDEA Community Edition 2019.2\lib\idea_rt.jar"/>
    <property name="java.vm.specification.version" value="1.8"/>
    <property name="sun.arch.data.model" value="64"/>
    <property name="java.home" value="C:\Program Files\Java\jdk1.8.0_211\jre"/>
    <property name="sun.java.command" value="org.codehaus.classworlds.Launcher -Didea.version2019.2 test"/>
    <property name="java.specification.vendor" value="Oracle Corporation"/>
    <property name="user.language" value="en"/>
    <property name="user.language.format" value="bg"/>
    <property name="awt.toolkit" value="sun.awt.windows.WToolkit"/>
    <property name="java.vm.info" value="mixed mode"/>
    <property name="java.version" value="1.8.0_211"/>
    <property name="java.ext.dirs" value="C:\Program Files\Java\jdk1.8.0_211\jre\lib\ext;C:\Windows\Sun\Java\lib\ext"/>
    <property name="sun.boot.class.path" value="C:\Program Files\Java\jdk1.8.0_211\jre\lib\resources.jar;C:\Program Files\Java\jdk1.8.0_211\jre\lib\rt.jar;C:\Program Files\Java\jdk1.8.0_211\jre\lib\sunrsasign.jar;C:\Program Files\Java\jdk1.8.0_211\jre\lib\jsse.jar;C:\Program Files\Java\jdk1.8.0_211\jre\lib\jce.jar;C:\Program Files\Java\jdk1.8.0_211\jre\lib\charsets.jar;C:\Program Files\Java\jdk1.8.0_211\jre\lib\jfr.jar;C:\Program Files\Java\jdk1.8.0_211\jre\classes"/>
    <property name="java.vendor" value="Oracle Corporation"/>
    <property name="maven.home" value="C:\Program Files\JetBrains\IntelliJ IDEA Community Edition 2019.2\plugins\maven\lib\maven3"/>
    <property name="file.separator" value="\"/>
    <property name="java.vendor.url.bug" value="http://bugreport.sun.com/bugreport/"/>
    <property name="idea.version2019.2" value="true"/>
    <property name="sun.cpu.endian" value="little"/>
    <property name="sun.io.unicode.encoding" value="UnicodeLittle"/>
    <property name="sun.desktop" value="windows"/>
    <property name="sun.cpu.isalist" value="amd64"/>
  </properties>
  <testcase classname="DB Connection test" name="Test for select operation" time="0.349"/>
  <testcase classname="DB Connection test" name="Test for select operation" time="0.12"/>
  <testcase classname="DB Connection test" name="Test for insert operation" time="0.271"/>
  <testcase classname="DB Connection test" name="Test for insert operation" time="0.197"/>
  <testcase classname="DB Connection test" name="Test for update operation" time="0.204"/>
  <testcase classname="DB Connection test" name="Test for update operation" time="0.196"/>
  <testcase classname="DB Connection test" name="Test for delete operation" time="0.168"/>
  <testcase classname="DB Connection test" name="Test for delete operation" time="0.168"/>
  <testcase classname="Online Bookshop" name="Choose a product from random category" time="32.043"/>
  <testcase classname="Online Bookshop" name="Search for a product" time="19.829"/>
  <testcase classname="Online Bookshop" name="Add a book to the basket" time="21.273"/>
  <testcase classname="Online Bookshop" name="Edit the basket" time="24.167"/>
  <testcase classname="Authors REST API" name="Get list of all authors" time="1.59"/>
  <testcase classname="Authors REST API" name="Get author by authorID" time="0.15"/>
  <testcase classname="Authors REST API" name="Get authorID by bookID" time="0.141"/>
  <testcase classname="Authors REST API" name="Create an Author entry" time="0.59"/>
  <testcase classname="Authors REST API" name="Edit an Author entry" time="0.113"/>
  <testcase classname="Authors REST API" name="Delete an Author entry" time="0.125"/>
  <testcase classname="Bank branches search based on a BLZ codes" name="Find bank branches in Germany using BLZ codes" time="0.846"/>
  <testcase classname="Bank branches search based on a BLZ codes" name="Find bank branches in Germany using BLZ codes" time="0.187"/>
  <testcase classname="Bank branches search based on a BLZ codes" name="Find bank branches in Germany using BLZ codes" time="0.189"/>
  <testcase classname="Bank branches search based on a BLZ codes" name="Find bank branches in Germany using BLZ codes" time="0.168"/>
  <testcase classname="User Registration" name="Register new user in WordPress" time="18.585"/>
  <testcase classname="User Registration" name="Login attempt with invalid credentials" time="14.527"/>
  <testcase classname="Test REST API calls" name="Create an entry in the DB" time="1.14"/>
  <testcase classname="Test REST API calls" name="Retrieve information from the DB" time="1.001"/>
  <testcase classname="Test REST API calls" name="Edit an entry in the DB" time="0.493"/>
  <testcase classname="Test REST API calls" name="Delete an entry" time="0.977"/>
</testsuite>